2025-07-15 20:59:48 [ERROR]: Error
    at Query.run (C:\Users\fdjellali\OneDrive - Neurones IT\Bureau\Projet4IW\backend\node_modules\sequelize\lib\dialects\mysql\query.js:52:25)
    at C:\Users\fdjellali\OneDrive - Neurones IT\Bureau\Projet4IW\backend\node_modules\sequelize\lib\sequelize.js:315:28
    at async User.sync (C:\Users\fdjellali\OneDrive - Neurones IT\Bureau\Projet4IW\backend\node_modules\sequelize\lib\model.js:984:11)
    at async Sequelize.sync (C:\Users\fdjellali\OneDrive - Neurones IT\Bureau\Projet4IW\backend\node_modules\sequelize\lib\sequelize.js:377:9)
    at async C:\Users\fdjellali\OneDrive - Neurones IT\Bureau\Projet4IW\backend\server.js:144:5
2025-07-15 21:00:48 [ERROR]: Error
    at Query.run (C:\Users\fdjellali\OneDrive - Neurones IT\Bureau\Projet4IW\backend\node_modules\sequelize\lib\dialects\mysql\query.js:52:25)
    at C:\Users\fdjellali\OneDrive - Neurones IT\Bureau\Projet4IW\backend\node_modules\sequelize\lib\sequelize.js:315:28
    at async User.sync (C:\Users\fdjellali\OneDrive - Neurones IT\Bureau\Projet4IW\backend\node_modules\sequelize\lib\model.js:984:11)
    at async Sequelize.sync (C:\Users\fdjellali\OneDrive - Neurones IT\Bureau\Projet4IW\backend\node_modules\sequelize\lib\sequelize.js:377:9)
    at async C:\Users\fdjellali\OneDrive - Neurones IT\Bureau\Projet4IW\backend\server.js:144:5
2025-07-16 22:24:31 [ERROR]: ReferenceError: setupAssociations is not defined
    at C:\Users\fdjellali\OneDrive - Neurones IT\Bureau\Projet4IW\backend\server.js:141:5
    at process.processTicksAndRejections (node:internal/process/task_queues:95:5)
2025-07-18 17:04:40 [ERROR]: SequelizeConnectionRefusedError
    at ConnectionManager.connect (C:\Users\fdjellali\OneDrive - Neurones IT\Bureau\Projet4IW\backend\node_modules\sequelize\lib\dialects\mysql\connection-manager.js:92:17)
    at process.processTicksAndRejections (node:internal/process/task_queues:95:5)
    at async ConnectionManager._connect (C:\Users\fdjellali\OneDrive - Neurones IT\Bureau\Projet4IW\backend\node_modules\sequelize\lib\dialects\abstract\connection-manager.js:222:24)
    at async C:\Users\fdjellali\OneDrive - Neurones IT\Bureau\Projet4IW\backend\node_modules\sequelize\lib\dialects\abstract\connection-manager.js:174:32
    at async ConnectionManager.getConnection (C:\Users\fdjellali\OneDrive - Neurones IT\Bureau\Projet4IW\backend\node_modules\sequelize\lib\dialects\abstract\connection-manager.js:197:7)
    at async C:\Users\fdjellali\OneDrive - Neurones IT\Bureau\Projet4IW\backend\node_modules\sequelize\lib\sequelize.js:305:26
    at async Sequelize.authenticate (C:\Users\fdjellali\OneDrive - Neurones IT\Bureau\Projet4IW\backend\node_modules\sequelize\lib\sequelize.js:457:5)
    at async C:\Users\fdjellali\OneDrive - Neurones IT\Bureau\Projet4IW\backend\server.js:138:5
2025-07-18 17:41:05 [ERROR]: Error
    at Query.run (C:\Users\fdjellali\OneDrive - Neurones IT\Bureau\Projet4IW\backend\node_modules\sequelize\lib\dialects\mysql\query.js:52:25)
    at C:\Users\fdjellali\OneDrive - Neurones IT\Bureau\Projet4IW\backend\node_modules\sequelize\lib\sequelize.js:315:28
    at process.processTicksAndRejections (node:internal/process/task_queues:95:5)
    at async User.sync (C:\Users\fdjellali\OneDrive - Neurones IT\Bureau\Projet4IW\backend\node_modules\sequelize\lib\model.js:984:11)
    at async Sequelize.sync (C:\Users\fdjellali\OneDrive - Neurones IT\Bureau\Projet4IW\backend\node_modules\sequelize\lib\sequelize.js:377:9)
    at async C:\Users\fdjellali\OneDrive - Neurones IT\Bureau\Projet4IW\backend\server.js:143:5
2025-07-18 17:41:15 [ERROR]: Error
    at Query.run (C:\Users\fdjellali\OneDrive - Neurones IT\Bureau\Projet4IW\backend\node_modules\sequelize\lib\dialects\mysql\query.js:52:25)
    at C:\Users\fdjellali\OneDrive - Neurones IT\Bureau\Projet4IW\backend\node_modules\sequelize\lib\sequelize.js:315:28
    at process.processTicksAndRejections (node:internal/process/task_queues:95:5)
    at async User.sync (C:\Users\fdjellali\OneDrive - Neurones IT\Bureau\Projet4IW\backend\node_modules\sequelize\lib\model.js:984:11)
    at async Sequelize.sync (C:\Users\fdjellali\OneDrive - Neurones IT\Bureau\Projet4IW\backend\node_modules\sequelize\lib\sequelize.js:377:9)
    at async C:\Users\fdjellali\OneDrive - Neurones IT\Bureau\Projet4IW\backend\server.js:143:5
2025-07-18 17:41:32 [ERROR]: Error
    at Query.run (C:\Users\fdjellali\OneDrive - Neurones IT\Bureau\Projet4IW\backend\node_modules\sequelize\lib\dialects\mysql\query.js:52:25)
    at C:\Users\fdjellali\OneDrive - Neurones IT\Bureau\Projet4IW\backend\node_modules\sequelize\lib\sequelize.js:315:28
    at process.processTicksAndRejections (node:internal/process/task_queues:95:5)
    at async User.sync (C:\Users\fdjellali\OneDrive - Neurones IT\Bureau\Projet4IW\backend\node_modules\sequelize\lib\model.js:984:11)
    at async Sequelize.sync (C:\Users\fdjellali\OneDrive - Neurones IT\Bureau\Projet4IW\backend\node_modules\sequelize\lib\sequelize.js:377:9)
    at async C:\Users\fdjellali\OneDrive - Neurones IT\Bureau\Projet4IW\backend\server.js:143:5
2025-07-18 17:41:38 [ERROR]: Error
    at Query.run (C:\Users\fdjellali\OneDrive - Neurones IT\Bureau\Projet4IW\backend\node_modules\sequelize\lib\dialects\mysql\query.js:52:25)
    at C:\Users\fdjellali\OneDrive - Neurones IT\Bureau\Projet4IW\backend\node_modules\sequelize\lib\sequelize.js:315:28
    at process.processTicksAndRejections (node:internal/process/task_queues:95:5)
    at async User.sync (C:\Users\fdjellali\OneDrive - Neurones IT\Bureau\Projet4IW\backend\node_modules\sequelize\lib\model.js:984:11)
    at async Sequelize.sync (C:\Users\fdjellali\OneDrive - Neurones IT\Bureau\Projet4IW\backend\node_modules\sequelize\lib\sequelize.js:377:9)
    at async C:\Users\fdjellali\OneDrive - Neurones IT\Bureau\Projet4IW\backend\server.js:143:5
2025-07-18 17:41:46 [ERROR]: Error
    at Query.run (C:\Users\fdjellali\OneDrive - Neurones IT\Bureau\Projet4IW\backend\node_modules\sequelize\lib\dialects\mysql\query.js:52:25)
    at C:\Users\fdjellali\OneDrive - Neurones IT\Bureau\Projet4IW\backend\node_modules\sequelize\lib\sequelize.js:315:28
    at process.processTicksAndRejections (node:internal/process/task_queues:95:5)
    at async User.sync (C:\Users\fdjellali\OneDrive - Neurones IT\Bureau\Projet4IW\backend\node_modules\sequelize\lib\model.js:984:11)
    at async Sequelize.sync (C:\Users\fdjellali\OneDrive - Neurones IT\Bureau\Projet4IW\backend\node_modules\sequelize\lib\sequelize.js:377:9)
    at async C:\Users\fdjellali\OneDrive - Neurones IT\Bureau\Projet4IW\backend\server.js:143:5
2025-07-18 17:42:19 [ERROR]: Error
    at Query.run (C:\Users\fdjellali\OneDrive - Neurones IT\Bureau\Projet4IW\backend\node_modules\sequelize\lib\dialects\mysql\query.js:52:25)
    at C:\Users\fdjellali\OneDrive - Neurones IT\Bureau\Projet4IW\backend\node_modules\sequelize\lib\sequelize.js:315:28
    at process.processTicksAndRejections (node:internal/process/task_queues:95:5)
    at async User.sync (C:\Users\fdjellali\OneDrive - Neurones IT\Bureau\Projet4IW\backend\node_modules\sequelize\lib\model.js:984:11)
    at async Sequelize.sync (C:\Users\fdjellali\OneDrive - Neurones IT\Bureau\Projet4IW\backend\node_modules\sequelize\lib\sequelize.js:377:9)
    at async C:\Users\fdjellali\OneDrive - Neurones IT\Bureau\Projet4IW\backend\server.js:143:5
2025-07-18 21:00:07 [ERROR]: ❌ Unhandled Rejection: TypeError: AdminJSExpress.withAuthentication is not a function
2025-07-18 21:00:38 [ERROR]: ❌ Unhandled Rejection: TypeError: AdminJSExpress.withAuthentication is not a function
2025-07-18 21:15:11 [ERROR]: ❌ Unhandled Rejection: Error: Cannot find module 'bcrypt'
Require stack:
- C:\Users\fdjellali\OneDrive - Neurones IT\Bureau\Projet4IW\backend\app.js
- C:\Users\fdjellali\OneDrive - Neurones IT\Bureau\Projet4IW\backend\server.js
2025-07-18 21:15:42 [ERROR]: ❌ Unhandled Rejection: Error: Cannot find module 'bcrypt'
Require stack:
- C:\Users\fdjellali\OneDrive - Neurones IT\Bureau\Projet4IW\backend\app.js
- C:\Users\fdjellali\OneDrive - Neurones IT\Bureau\Projet4IW\backend\server.js
2025-07-18 21:20:18 [ERROR]: ❌ Unhandled Rejection: SequelizeValidationError: notNull Violation: User.profileToken cannot be null
2025-07-18 21:20:40 [ERROR]: ❌ Unhandled Rejection: SequelizeValidationError: notNull Violation: User.profileToken cannot be null
2025-07-18 21:20:54 [ERROR]: ❌ Unhandled Rejection: TypeError: crypto.randomBytes is not a function
2025-07-19 18:15:45 [ERROR]: SequelizeAccessDeniedError: Access denied for user 'root'@'localhost' (using password: NO)
    at ConnectionManager.connect (C:\Users\Samuel\Documents\GitHub\Projet4IW\backend\node_modules\sequelize\lib\dialects\mysql\connection-manager.js:94:17)
    at process.processTicksAndRejections (node:internal/process/task_queues:95:5)
    at async ConnectionManager._connect (C:\Users\Samuel\Documents\GitHub\Projet4IW\backend\node_modules\sequelize\lib\dialects\abstract\connection-manager.js:222:24)
    at async C:\Users\Samuel\Documents\GitHub\Projet4IW\backend\node_modules\sequelize\lib\dialects\abstract\connection-manager.js:174:32
    at async ConnectionManager.getConnection (C:\Users\Samuel\Documents\GitHub\Projet4IW\backend\node_modules\sequelize\lib\dialects\abstract\connection-manager.js:197:7)
    at async C:\Users\Samuel\Documents\GitHub\Projet4IW\backend\node_modules\sequelize\lib\sequelize.js:305:26
    at async Sequelize.authenticate (C:\Users\Samuel\Documents\GitHub\Projet4IW\backend\node_modules\sequelize\lib\sequelize.js:457:5)
    at async C:\Users\Samuel\Documents\GitHub\Projet4IW\backend\server.js:135:5
2025-07-19 18:16:49 [ERROR]: SequelizeAccessDeniedError: Access denied for user 'root'@'172.18.0.1' (using password: NO)
    at ConnectionManager.connect (C:\Users\Samuel\Documents\GitHub\Projet4IW\backend\node_modules\sequelize\lib\dialects\mysql\connection-manager.js:94:17)
    at process.processTicksAndRejections (node:internal/process/task_queues:95:5)
    at async ConnectionManager._connect (C:\Users\Samuel\Documents\GitHub\Projet4IW\backend\node_modules\sequelize\lib\dialects\abstract\connection-manager.js:222:24)
    at async C:\Users\Samuel\Documents\GitHub\Projet4IW\backend\node_modules\sequelize\lib\dialects\abstract\connection-manager.js:174:32
    at async ConnectionManager.getConnection (C:\Users\Samuel\Documents\GitHub\Projet4IW\backend\node_modules\sequelize\lib\dialects\abstract\connection-manager.js:197:7)
    at async C:\Users\Samuel\Documents\GitHub\Projet4IW\backend\node_modules\sequelize\lib\sequelize.js:305:26
    at async Sequelize.authenticate (C:\Users\Samuel\Documents\GitHub\Projet4IW\backend\node_modules\sequelize\lib\sequelize.js:457:5)
    at async C:\Users\Samuel\Documents\GitHub\Projet4IW\backend\server.js:135:5
2025-07-19 18:20:10 [ERROR]: SequelizeAccessDeniedError: Access denied for user 'root'@'172.18.0.1' (using password: NO)
    at ConnectionManager.connect (C:\Users\Samuel\Documents\GitHub\Projet4IW\backend\node_modules\sequelize\lib\dialects\mysql\connection-manager.js:94:17)
    at process.processTicksAndRejections (node:internal/process/task_queues:95:5)
    at async ConnectionManager._connect (C:\Users\Samuel\Documents\GitHub\Projet4IW\backend\node_modules\sequelize\lib\dialects\abstract\connection-manager.js:222:24)
    at async C:\Users\Samuel\Documents\GitHub\Projet4IW\backend\node_modules\sequelize\lib\dialects\abstract\connection-manager.js:174:32
    at async ConnectionManager.getConnection (C:\Users\Samuel\Documents\GitHub\Projet4IW\backend\node_modules\sequelize\lib\dialects\abstract\connection-manager.js:197:7)
    at async C:\Users\Samuel\Documents\GitHub\Projet4IW\backend\node_modules\sequelize\lib\sequelize.js:305:26
    at async Sequelize.authenticate (C:\Users\Samuel\Documents\GitHub\Projet4IW\backend\node_modules\sequelize\lib\sequelize.js:457:5)
    at async C:\Users\Samuel\Documents\GitHub\Projet4IW\backend\server.js:135:5
2025-07-19 18:20:52 [ERROR]: SequelizeConnectionError: Unknown database 'monapp'
    at ConnectionManager.connect (C:\Users\Samuel\Documents\GitHub\Projet4IW\backend\node_modules\sequelize\lib\dialects\mysql\connection-manager.js:102:17)
    at process.processTicksAndRejections (node:internal/process/task_queues:95:5)
    at async ConnectionManager._connect (C:\Users\Samuel\Documents\GitHub\Projet4IW\backend\node_modules\sequelize\lib\dialects\abstract\connection-manager.js:222:24)
    at async C:\Users\Samuel\Documents\GitHub\Projet4IW\backend\node_modules\sequelize\lib\dialects\abstract\connection-manager.js:174:32
    at async ConnectionManager.getConnection (C:\Users\Samuel\Documents\GitHub\Projet4IW\backend\node_modules\sequelize\lib\dialects\abstract\connection-manager.js:197:7)
    at async C:\Users\Samuel\Documents\GitHub\Projet4IW\backend\node_modules\sequelize\lib\sequelize.js:305:26
    at async Sequelize.authenticate (C:\Users\Samuel\Documents\GitHub\Projet4IW\backend\node_modules\sequelize\lib\sequelize.js:457:5)
    at async C:\Users\Samuel\Documents\GitHub\Projet4IW\backend\server.js:135:5
2025-07-19 18:21:03 [ERROR]: SequelizeConnectionError: Unknown database 'monapp'
    at ConnectionManager.connect (C:\Users\Samuel\Documents\GitHub\Projet4IW\backend\node_modules\sequelize\lib\dialects\mysql\connection-manager.js:102:17)
    at process.processTicksAndRejections (node:internal/process/task_queues:95:5)
    at async ConnectionManager._connect (C:\Users\Samuel\Documents\GitHub\Projet4IW\backend\node_modules\sequelize\lib\dialects\abstract\connection-manager.js:222:24)
    at async C:\Users\Samuel\Documents\GitHub\Projet4IW\backend\node_modules\sequelize\lib\dialects\abstract\connection-manager.js:174:32
    at async ConnectionManager.getConnection (C:\Users\Samuel\Documents\GitHub\Projet4IW\backend\node_modules\sequelize\lib\dialects\abstract\connection-manager.js:197:7)
    at async C:\Users\Samuel\Documents\GitHub\Projet4IW\backend\node_modules\sequelize\lib\sequelize.js:305:26
    at async Sequelize.authenticate (C:\Users\Samuel\Documents\GitHub\Projet4IW\backend\node_modules\sequelize\lib\sequelize.js:457:5)
    at async C:\Users\Samuel\Documents\GitHub\Projet4IW\backend\server.js:135:5
2025-07-19 18:21:50 [ERROR]: SequelizeAccessDeniedError: Access denied for user 'root'@'172.18.0.1' (using password: NO)
    at ConnectionManager.connect (C:\Users\Samuel\Documents\GitHub\Projet4IW\backend\node_modules\sequelize\lib\dialects\mysql\connection-manager.js:94:17)
    at process.processTicksAndRejections (node:internal/process/task_queues:95:5)
    at async ConnectionManager._connect (C:\Users\Samuel\Documents\GitHub\Projet4IW\backend\node_modules\sequelize\lib\dialects\abstract\connection-manager.js:222:24)
    at async C:\Users\Samuel\Documents\GitHub\Projet4IW\backend\node_modules\sequelize\lib\dialects\abstract\connection-manager.js:174:32
    at async ConnectionManager.getConnection (C:\Users\Samuel\Documents\GitHub\Projet4IW\backend\node_modules\sequelize\lib\dialects\abstract\connection-manager.js:197:7)
    at async C:\Users\Samuel\Documents\GitHub\Projet4IW\backend\node_modules\sequelize\lib\sequelize.js:305:26
    at async Sequelize.authenticate (C:\Users\Samuel\Documents\GitHub\Projet4IW\backend\node_modules\sequelize\lib\sequelize.js:457:5)
    at async C:\Users\Samuel\Documents\GitHub\Projet4IW\backend\server.js:135:5
2025-07-19 18:24:13 [ERROR]: SequelizeAccessDeniedError: Access denied for user 'root'@'172.18.0.1' (using password: NO)
    at ConnectionManager.connect (C:\Users\Samuel\Documents\GitHub\Projet4IW\backend\node_modules\sequelize\lib\dialects\mysql\connection-manager.js:94:17)
    at process.processTicksAndRejections (node:internal/process/task_queues:95:5)
    at async ConnectionManager._connect (C:\Users\Samuel\Documents\GitHub\Projet4IW\backend\node_modules\sequelize\lib\dialects\abstract\connection-manager.js:222:24)
    at async C:\Users\Samuel\Documents\GitHub\Projet4IW\backend\node_modules\sequelize\lib\dialects\abstract\connection-manager.js:174:32
    at async ConnectionManager.getConnection (C:\Users\Samuel\Documents\GitHub\Projet4IW\backend\node_modules\sequelize\lib\dialects\abstract\connection-manager.js:197:7)
    at async C:\Users\Samuel\Documents\GitHub\Projet4IW\backend\node_modules\sequelize\lib\sequelize.js:305:26
    at async Sequelize.authenticate (C:\Users\Samuel\Documents\GitHub\Projet4IW\backend\node_modules\sequelize\lib\sequelize.js:457:5)
    at async C:\Users\Samuel\Documents\GitHub\Projet4IW\backend\server.js:135:5
2025-07-19 18:24:50 [ERROR]: SequelizeAccessDeniedError: Access denied for user 'root'@'172.18.0.1' (using password: NO)
    at ConnectionManager.connect (C:\Users\Samuel\Documents\GitHub\Projet4IW\backend\node_modules\sequelize\lib\dialects\mysql\connection-manager.js:94:17)
    at process.processTicksAndRejections (node:internal/process/task_queues:95:5)
    at async ConnectionManager._connect (C:\Users\Samuel\Documents\GitHub\Projet4IW\backend\node_modules\sequelize\lib\dialects\abstract\connection-manager.js:222:24)
    at async C:\Users\Samuel\Documents\GitHub\Projet4IW\backend\node_modules\sequelize\lib\dialects\abstract\connection-manager.js:174:32
    at async ConnectionManager.getConnection (C:\Users\Samuel\Documents\GitHub\Projet4IW\backend\node_modules\sequelize\lib\dialects\abstract\connection-manager.js:197:7)
    at async C:\Users\Samuel\Documents\GitHub\Projet4IW\backend\node_modules\sequelize\lib\sequelize.js:305:26
    at async Sequelize.authenticate (C:\Users\Samuel\Documents\GitHub\Projet4IW\backend\node_modules\sequelize\lib\sequelize.js:457:5)
    at async C:\Users\Samuel\Documents\GitHub\Projet4IW\backend\server.js:135:5
2025-07-19 18:29:03 [ERROR]: SequelizeAccessDeniedError: Access denied for user 'root'@'172.18.0.1' (using password: NO)
    at ConnectionManager.connect (C:\Users\Samuel\Documents\GitHub\Projet4IW\backend\node_modules\sequelize\lib\dialects\mysql\connection-manager.js:94:17)
    at process.processTicksAndRejections (node:internal/process/task_queues:95:5)
    at async ConnectionManager._connect (C:\Users\Samuel\Documents\GitHub\Projet4IW\backend\node_modules\sequelize\lib\dialects\abstract\connection-manager.js:222:24)
    at async C:\Users\Samuel\Documents\GitHub\Projet4IW\backend\node_modules\sequelize\lib\dialects\abstract\connection-manager.js:174:32
    at async ConnectionManager.getConnection (C:\Users\Samuel\Documents\GitHub\Projet4IW\backend\node_modules\sequelize\lib\dialects\abstract\connection-manager.js:197:7)
    at async C:\Users\Samuel\Documents\GitHub\Projet4IW\backend\node_modules\sequelize\lib\sequelize.js:305:26
    at async Sequelize.authenticate (C:\Users\Samuel\Documents\GitHub\Projet4IW\backend\node_modules\sequelize\lib\sequelize.js:457:5)
    at async C:\Users\Samuel\Documents\GitHub\Projet4IW\backend\server.js:135:5
2025-07-19 18:29:17 [ERROR]: SequelizeAccessDeniedError: Access denied for user 'root'@'172.18.0.1' (using password: NO)
    at ConnectionManager.connect (C:\Users\Samuel\Documents\GitHub\Projet4IW\backend\node_modules\sequelize\lib\dialects\mysql\connection-manager.js:94:17)
    at process.processTicksAndRejections (node:internal/process/task_queues:95:5)
    at async ConnectionManager._connect (C:\Users\Samuel\Documents\GitHub\Projet4IW\backend\node_modules\sequelize\lib\dialects\abstract\connection-manager.js:222:24)
    at async C:\Users\Samuel\Documents\GitHub\Projet4IW\backend\node_modules\sequelize\lib\dialects\abstract\connection-manager.js:174:32
    at async ConnectionManager.getConnection (C:\Users\Samuel\Documents\GitHub\Projet4IW\backend\node_modules\sequelize\lib\dialects\abstract\connection-manager.js:197:7)
    at async C:\Users\Samuel\Documents\GitHub\Projet4IW\backend\node_modules\sequelize\lib\sequelize.js:305:26
    at async Sequelize.authenticate (C:\Users\Samuel\Documents\GitHub\Projet4IW\backend\node_modules\sequelize\lib\sequelize.js:457:5)
    at async C:\Users\Samuel\Documents\GitHub\Projet4IW\backend\server.js:135:5
